<?xml version="1.0" encoding="UTF-8" ?>
<testsuite tests="6" failures="0" name="com.game.domain.FrameGameTest" time="0.003" errors="0" skipped="0">
  <properties>
[...]
</properties>
  <testcase classname="com.game.domain.FrameGameTest" name="shouldReturnSecundPlayValue" time="0.003"/>
  <testcase classname="com.game.domain.FrameGameTest" name="shouldInitialZeroValues" time="0"/>
  <testcase classname="com.game.domain.FrameGameTest" name="shouldReturnIsSpareWhenTotalPointsEqualsTen" time="0"/>
  <testcase classname="com.game.domain.FrameGameTest" name="shouldReturnIsStrikeWhenFirstPlayEqualsTen" time="0"/>
  <testcase classname="com.game.domain.FrameGameTest" name="shouldReturnTheSumTotalOfTheFirstAndSecondRoll" time="0"/>
  <testcase classname="com.game.domain.FrameGameTest" name="shouldReturnFirstPlayValue" time="0"/>
</testsuite>